<?xml version="1.0" encoding="UTF-8"?>
<!-- Generated by org.testng.reporters.JUnitReportReporter -->
<testsuite hostname="Efa-Laptop" failures="0" tests="2" name="finalclass1.testing_TestNG" time="0.127" errors="0" timestamp="2025-04-30T01:42:37 BDT" skipped="0">
  <testcase classname="finalclass1.testing_TestNG" name="TestURL" time="0.096"/>
  <system-out/>
  <testcase classname="finalclass1.testing_TestNG" name="TestTitle" time="0.031"/>
  <system-out/>
</testsuite> <!-- finalclass1.testing_TestNG -->
